0 info it worked if it ends with ok
1 verbose cli [ 'node', '/usr/local/bin/npm', 'publish' ]
2 info using npm@2.0.0-alpha-5
3 info using node@v0.10.30
4 verbose node symlink /usr/local/bin/node
5 verbose publish [ '.' ]
6 verbose cache add [ '.', null ]
7 verbose cache add spec="." args=[".",null]
8 verbose cache add local package /Users/alex/projects/hd-canvas/src
9 silly lockFile 3a52ce78- .
10 verbose lock . /Users/alex/.npm/3a52ce78-.lock
11 silly lockFile 3a52ce78- .
12 silly lockFile 3a52ce78- .
13 error addLocal Could not install .
14 error Error: ENOENT, open 'package.json'
15 error If you need help, you may report this *entire* log,
15 error including the npm and node versions, at:
15 error     <http://github.com/npm/npm/issues>
16 error System Darwin 13.3.0
17 error command "node" "/usr/local/bin/npm" "publish"
18 error cwd /Users/alex/projects/hd-canvas/src
19 error node -v v0.10.30
20 error npm -v 2.0.0-alpha-5
21 error path package.json
22 error code ENOENT
23 error errno 34
24 verbose exit [ 34, true ]
